#
# There is insufficient memory for the Java Runtime Environment to continue.
# Native memory allocation (mmap) failed to map 4294967296 bytes. Error detail: committing reserved memory.
# Possible reasons:
#   The system is out of physical RAM or swap space
#   This process is running with CompressedOops enabled, and the Java Heap may be blocking the growth of the native heap
# Possible solutions:
#   Reduce memory load on the system
#   Increase physical memory or swap space
#   Check if swap backing store is full
#   Decrease Java heap size (-Xmx/-Xms)
#   Decrease number of Java threads
#   Decrease Java thread stack sizes (-Xss)
#   Set larger code cache with -XX:ReservedCodeCacheSize=
#   JVM is running with Zero Based Compressed Oops mode in which the Java heap is
#     placed in the first 32GB address space. The Java Heap base address is the
#     maximum limit for the native heap growth. Please use -XX:HeapBaseMinAddress
#     to set the Java Heap base and to place the Java Heap above 32GB virtual address.
# This output file may be truncated or incomplete.
#
#  Out of Memory Error (os_linux.cpp:2832), pid=16351, tid=16352
#
# JRE version:  (17.0.14+7) (build )
# Java VM: OpenJDK 64-Bit Server VM (17.0.14+7-LTS, mixed mode, sharing, tiered, compressed oops, compressed class ptrs, g1 gc, linux-amd64)
# Core dump will be written. Default location: Core dumps may be processed with "/usr/lib/systemd/systemd-coredump %P %u %g %s %t %c %h" (or dumping to /home/ec2-user/verify/byok/core.16351)
#

---------------  S U M M A R Y ------------

Command Line: -Dserver.ssl.enabled=false -Xms4g -Xmx4g -XX:+UseG1GC target/byok-0.0.1-SNAPSHOT.jar

Host: Intel(R) Xeon(R) CPU E5-2686 v4 @ 2.30GHz, 1 cores, 764M, Red Hat Enterprise Linux release 9.5 (Plow)
Time: Sun Feb 23 01:58:28 2025 UTC elapsed time: 0.013465 seconds (0d 0h 0m 0s)

---------------  T H R E A D  ---------------

Current thread (0x00007ff730029110):  JavaThread "Unknown thread" [_thread_in_vm, id=16352, stack(0x00007ff736625000,0x00007ff736725000)]

Stack: [0x00007ff736625000,0x00007ff736725000],  sp=0x00007ff736723320,  free space=1016k
Native frames: (J=compiled Java code, j=interpreted, Vv=VM code, C=native code)
V  [libjvm.so+0xf4cae6]  VMError::report_and_die(int, char const*, char const*, __va_list_tag*, Thread*, unsigned char*, void*, void*, char const*, int, unsigned long)+0x1a6
V  [libjvm.so+0xf4d7ff]  VMError::report_and_die(Thread*, char const*, int, unsigned long, VMErrorType, char const*, __va_list_tag*)+0x2f
V  [libjvm.so+0x622665]  report_vm_out_of_memory(char const*, int, unsigned long, VMErrorType, char const*, ...)+0xf5
V  [libjvm.so+0xc3b4c0]  os::pd_commit_memory_or_exit(char*, unsigned long, unsigned long, bool, char const*)+0xe0
V  [libjvm.so+0xc34a7e]  os::commit_memory_or_exit(char*, unsigned long, unsigned long, bool, char const*)+0x2e
V  [libjvm.so+0x75dabc]  G1PageBasedVirtualSpace::commit(unsigned long, unsigned long)+0x17c
V  [libjvm.so+0x772023]  G1RegionsLargerThanCommitSizeMapper::commit_regions(unsigned int, unsigned long, WorkGang*)+0x183
V  [libjvm.so+0x80093d]  HeapRegionManager::commit_regions(unsigned int, unsigned long, WorkGang*)+0x5d
V  [libjvm.so+0x8027cf]  HeapRegionManager::expand(unsigned int, unsigned int, WorkGang*)+0x2f
V  [libjvm.so+0x8029fa]  HeapRegionManager::expand_by(unsigned int, WorkGang*)+0x7a
V  [libjvm.so+0x714c91]  G1CollectedHeap::expand(unsigned long, WorkGang*, double*)+0xf1
V  [libjvm.so+0x715407]  G1CollectedHeap::initialize()+0x6e7
V  [libjvm.so+0xefa5e8]  universe_init()+0xe8
V  [libjvm.so+0x822eaa]  init_globals()+0x3a
V  [libjvm.so+0xed130c]  Threads::create_vm(JavaVMInitArgs*, bool*)+0x28c
V  [libjvm.so+0x8ec335]  JNI_CreateJavaVM+0x65
C  [libjli.so+0x8f2d]  JavaMain+0x9d
C  [libjli.so+0xd3dd]  ThreadJavaMain+0xd


---------------  P R O C E S S  ---------------

Threads class SMR info:
_java_thread_list=0x00007ff7363aa4e0, length=0, elements={
}

Java Threads: ( => current thread )

Other Threads:
  0x00007ff730094fe0 GCTaskThread "GC Thread#0" [stack: 0x00007ff734500000,0x00007ff734600000] [id=16353]
  0x00007ff7300a65c0 ConcurrentGCThread "G1 Main Marker" [stack: 0x00007ff7343ff000,0x00007ff7344ff000] [id=16354]
  0x00007ff7300a7530 ConcurrentGCThread "G1 Conc#0" [stack: 0x00007ff7342fe000,0x00007ff7343fe000] [id=16355]

[error occurred during error reporting (printing all threads), id 0xb, SIGSEGV (0xb) at pc=0x00007ff73552dc04]

VM state: not at safepoint (not fully initialized)

VM Mutex/Monitor currently owned by a thread:  ([mutex/lock_event])
[0x00007ff730026a80] Heap_lock - owner thread: 0x00007ff730029110

Heap address: 0x0000000700000000, size: 4096 MB, Compressed Oops mode: Zero based, Oop shift amount: 3

CDS archive(s) mapped at: [0x0000000000000000-0x0000000000000000-0x0000000000000000), size 0, SharedBaseAddress: 0x0000000800000000, ArchiveRelocationMode: 1.
Narrow klass base: 0x0000000000000000, Narrow klass shift: 0, Narrow klass range: 0x0

GC Precious Log:
<Empty>

Heap:
 garbage-first heap   total 0K, used 0K [0x0000000700000000, 0x0000000800000000)
  region size 2048K, 0 young (0K), 0 survivors (0K)

[error occurred during error reporting (printing heap information), id 0xb, SIGSEGV (0xb) at pc=0x00007ff735aebbfe]

GC Heap History (0 events):
No events

Dll operation events (1 events):
Event: 0.005 Loaded shared library /usr/lib/jvm/java-17-openjdk-17.0.14.0.7-2.el9.x86_64/lib/libjava.so

Deoptimization events (0 events):
No events

Classes loaded (0 events):
No events

Classes unloaded (0 events):
No events

Classes redefined (0 events):
No events

Internal exceptions (0 events):
No events

VM Operations (0 events):
No events

Memory protections (1 events):
Event: 0.005 Protecting memory [0x00007ff736625000,0x00007ff736629000] with protection modes 0

Nmethod flushes (0 events):
No events

Events (0 events):
No events


Dynamic libraries:
55b6da200000-55b6da201000 r-xp 00000000 ca:04 9784979                    /usr/lib/jvm/java-17-openjdk-17.0.14.0.7-2.el9.x86_64/bin/java
55b6da401000-55b6da402000 r--p 00001000 ca:04 9784979                    /usr/lib/jvm/java-17-openjdk-17.0.14.0.7-2.el9.x86_64/bin/java
55b6da402000-55b6da403000 rw-p 00002000 ca:04 9784979                    /usr/lib/jvm/java-17-openjdk-17.0.14.0.7-2.el9.x86_64/bin/java
55b6dbccd000-55b6dbd14000 rw-p 00000000 00:00 0                          [heap]
7ff700000000-7ff700021000 rw-p 00000000 00:00 0 
7ff700021000-7ff704000000 ---p 00000000 00:00 0 
7ff704000000-7ff704021000 rw-p 00000000 00:00 0 
7ff704021000-7ff708000000 ---p 00000000 00:00 0 
7ff708000000-7ff708021000 rw-p 00000000 00:00 0 
7ff708021000-7ff70c000000 ---p 00000000 00:00 0 
7ff70c9fc000-7ff70f600000 rw-p 00000000 00:00 0 
7ff70f600000-7ff718e00000 ---p 00000000 00:00 0 
7ff718e00000-7ff719070000 rwxp 00000000 00:00 0 
7ff719070000-7ff720338000 ---p 00000000 00:00 0 
7ff720338000-7ff7205a8000 rwxp 00000000 00:00 0 
7ff7205a8000-7ff7208c7000 ---p 00000000 00:00 0 
7ff7208c7000-7ff720b37000 rwxp 00000000 00:00 0 
7ff720b37000-7ff727e00000 ---p 00000000 00:00 0 
7ff727e00000-7ff72ff19000 r--s 00000000 ca:04 9785162                    /usr/lib/jvm/java-17-openjdk-17.0.14.0.7-2.el9.x86_64/lib/modules
7ff730000000-7ff7300be000 rw-p 00000000 00:00 0 
7ff7300be000-7ff734000000 ---p 00000000 00:00 0 
7ff7341fc000-7ff7342fd000 rw-p 00000000 00:00 0 
7ff7342fd000-7ff7342fe000 ---p 00000000 00:00 0 
7ff7342fe000-7ff7343fe000 rw-p 00000000 00:00 0 
7ff7343fe000-7ff7343ff000 ---p 00000000 00:00 0 
7ff7343ff000-7ff7344ff000 rw-p 00000000 00:00 0 
7ff7344ff000-7ff734500000 ---p 00000000 00:00 0 
7ff734500000-7ff734600000 rw-p 00000000 00:00 0 
7ff734600000-7ff734625000 r-xp 00000000 ca:04 9785075                    /usr/lib/jvm/java-17-openjdk-17.0.14.0.7-2.el9.x86_64/lib/libjava.so
7ff734625000-7ff734825000 ---p 00025000 ca:04 9785075                    /usr/lib/jvm/java-17-openjdk-17.0.14.0.7-2.el9.x86_64/lib/libjava.so
7ff734825000-7ff734826000 r--p 00025000 ca:04 9785075                    /usr/lib/jvm/java-17-openjdk-17.0.14.0.7-2.el9.x86_64/lib/libjava.so
7ff734826000-7ff734827000 rw-p 00026000 ca:04 9785075                    /usr/lib/jvm/java-17-openjdk-17.0.14.0.7-2.el9.x86_64/lib/libjava.so
7ff734827000-7ff734828000 rw-p 00000000 00:00 0 
7ff7348ff000-7ff734a00000 rw-p 00000000 00:00 0 
7ff734a00000-7ff734a1b000 r-xp 00000000 ca:04 9785078                    /usr/lib/jvm/java-17-openjdk-17.0.14.0.7-2.el9.x86_64/lib/libjimage.so
7ff734a1b000-7ff734c1b000 ---p 0001b000 ca:04 9785078                    /usr/lib/jvm/java-17-openjdk-17.0.14.0.7-2.el9.x86_64/lib/libjimage.so
7ff734c1b000-7ff734c1d000 r--p 0001b000 ca:04 9785078                    /usr/lib/jvm/java-17-openjdk-17.0.14.0.7-2.el9.x86_64/lib/libjimage.so
7ff734c1d000-7ff734c1e000 rw-p 0001d000 ca:04 9785078                    /usr/lib/jvm/java-17-openjdk-17.0.14.0.7-2.el9.x86_64/lib/libjimage.so
7ff734c2a000-7ff734c2f000 rw-p 00000000 00:00 0 
7ff734c2f000-7ff734d15000 ---p 00000000 00:00 0 
7ff734d15000-7ff734d1a000 rw-p 00000000 00:00 0 
7ff734d1a000-7ff734e00000 ---p 00000000 00:00 0 
7ff734e00000-7ff73606c000 r-xp 00000000 ca:04 26189501                   /usr/lib/jvm/java-17-openjdk-17.0.14.0.7-2.el9.x86_64/lib/server/libjvm.so
7ff73606c000-7ff73626c000 ---p 0126c000 ca:04 26189501                   /usr/lib/jvm/java-17-openjdk-17.0.14.0.7-2.el9.x86_64/lib/server/libjvm.so
7ff73626c000-7ff736325000 r--p 0126c000 ca:04 26189501                   /usr/lib/jvm/java-17-openjdk-17.0.14.0.7-2.el9.x86_64/lib/server/libjvm.so
7ff736325000-7ff73635a000 rw-p 01325000 ca:04 26189501                   /usr/lib/jvm/java-17-openjdk-17.0.14.0.7-2.el9.x86_64/lib/server/libjvm.so
7ff73635a000-7ff7363b5000 rw-p 00000000 00:00 0 
7ff7363bb000-7ff736400000 rw-p 00000000 00:00 0 
7ff736400000-7ff736428000 r--p 00000000 ca:04 9210910                    /usr/lib64/libc.so.6
7ff736428000-7ff73659d000 r-xp 00028000 ca:04 9210910                    /usr/lib64/libc.so.6
7ff73659d000-7ff7365f5000 r--p 0019d000 ca:04 9210910                    /usr/lib64/libc.so.6
7ff7365f5000-7ff7365f9000 r--p 001f5000 ca:04 9210910                    /usr/lib64/libc.so.6
7ff7365f9000-7ff7365fb000 rw-p 001f9000 ca:04 9210910                    /usr/lib64/libc.so.6
7ff7365fb000-7ff736608000 rw-p 00000000 00:00 0 
7ff736625000-7ff736629000 ---p 00000000 00:00 0 
7ff736629000-7ff736725000 rw-p 00000000 00:00 0 
7ff736725000-7ff736732000 r--p 00000000 ca:04 9210913                    /usr/lib64/libm.so.6
7ff736732000-7ff7367a2000 r-xp 0000d000 ca:04 9210913                    /usr/lib64/libm.so.6
7ff7367a2000-7ff7367fe000 r--p 0007d000 ca:04 9210913                    /usr/lib64/libm.so.6
7ff7367fe000-7ff7367ff000 r--p 000d8000 ca:04 9210913                    /usr/lib64/libm.so.6
7ff7367ff000-7ff736800000 rw-p 000d9000 ca:04 9210913                    /usr/lib64/libm.so.6
7ff736800000-7ff736819000 r-xp 00000000 ca:04 9785079                    /usr/lib/jvm/java-17-openjdk-17.0.14.0.7-2.el9.x86_64/lib/libjli.so
7ff736819000-7ff736a18000 ---p 00019000 ca:04 9785079                    /usr/lib/jvm/java-17-openjdk-17.0.14.0.7-2.el9.x86_64/lib/libjli.so
7ff736a18000-7ff736a19000 r--p 00018000 ca:04 9785079                    /usr/lib/jvm/java-17-openjdk-17.0.14.0.7-2.el9.x86_64/lib/libjli.so
7ff736a19000-7ff736a1a000 rw-p 00019000 ca:04 9785079                    /usr/lib/jvm/java-17-openjdk-17.0.14.0.7-2.el9.x86_64/lib/libjli.so
7ff736a38000-7ff736a3d000 rw-p 00000000 00:00 0 
7ff736a3d000-7ff736a44000 ---p 00000000 00:00 0 
7ff736a44000-7ff736a4c000 rw-s 00000000 ca:04 26052023                   /tmp/hsperfdata_ec2-user/16351
7ff736a4c000-7ff736a4d000 r--p 00000000 ca:04 9210920                    /usr/lib64/librt.so.1
7ff736a4d000-7ff736a4e000 r-xp 00001000 ca:04 9210920                    /usr/lib64/librt.so.1
7ff736a4e000-7ff736a4f000 r--p 00002000 ca:04 9210920                    /usr/lib64/librt.so.1
7ff736a4f000-7ff736a50000 r--p 00002000 ca:04 9210920                    /usr/lib64/librt.so.1
7ff736a50000-7ff736a51000 rw-p 00003000 ca:04 9210920                    /usr/lib64/librt.so.1
7ff736a51000-7ff736a53000 rw-p 00000000 00:00 0 
7ff736a53000-7ff736a54000 r--p 00000000 ca:04 9210912                    /usr/lib64/libdl.so.2
7ff736a54000-7ff736a55000 r-xp 00001000 ca:04 9210912                    /usr/lib64/libdl.so.2
7ff736a55000-7ff736a56000 r--p 00002000 ca:04 9210912                    /usr/lib64/libdl.so.2
7ff736a56000-7ff736a57000 r--p 00002000 ca:04 9210912                    /usr/lib64/libdl.so.2
7ff736a57000-7ff736a58000 rw-p 00003000 ca:04 9210912                    /usr/lib64/libdl.so.2
7ff736a58000-7ff736a59000 r--p 00000000 ca:04 9210918                    /usr/lib64/libpthread.so.0
7ff736a59000-7ff736a5a000 r-xp 00001000 ca:04 9210918                    /usr/lib64/libpthread.so.0
7ff736a5a000-7ff736a5b000 r--p 00002000 ca:04 9210918                    /usr/lib64/libpthread.so.0
7ff736a5b000-7ff736a5c000 r--p 00002000 ca:04 9210918                    /usr/lib64/libpthread.so.0
7ff736a5c000-7ff736a5d000 rw-p 00003000 ca:04 9210918                    /usr/lib64/libpthread.so.0
7ff736a61000-7ff736a62000 ---p 00000000 00:00 0 
7ff736a62000-7ff736a63000 r--p 00000000 00:00 0 
7ff736a63000-7ff736a64000 ---p 00000000 00:00 0 
7ff736a64000-7ff736a66000 rw-p 00000000 00:00 0 
7ff736a66000-7ff736a68000 r--p 00000000 ca:04 9210906                    /usr/lib64/ld-linux-x86-64.so.2
7ff736a68000-7ff736a8f000 r-xp 00002000 ca:04 9210906                    /usr/lib64/ld-linux-x86-64.so.2
7ff736a8f000-7ff736a9a000 r--p 00029000 ca:04 9210906                    /usr/lib64/ld-linux-x86-64.so.2
7ff736a9a000-7ff736a9c000 r--p 00034000 ca:04 9210906                    /usr/lib64/ld-linux-x86-64.so.2
7ff736a9c000-7ff736a9e000 rw-p 00036000 ca:04 9210906                    /usr/lib64/ld-linux-x86-64.so.2
7ffc4a94a000-7ffc4a96b000 rw-p 00000000 00:00 0                          [stack]
7ffc4a9a3000-7ffc4a9a7000 r--p 00000000 00:00 0                          [vvar]
7ffc4a9a7000-7ffc4a9a9000 r-xp 00000000 00:00 0                          [vdso]
ffffffffff600000-ffffffffff601000 --xp 00000000 00:00 0                  [vsyscall]


VM Arguments:
jvm_args: -Dserver.ssl.enabled=false -Xms4g -Xmx4g -XX:+UseG1GC 
java_command: target/byok-0.0.1-SNAPSHOT.jar
java_class_path (initial): target/byok-0.0.1-SNAPSHOT.jar
Launcher Type: SUN_STANDARD

[Global flags]
     intx CICompilerCount                          = 2                                         {product} {ergonomic}
     uint ConcGCThreads                            = 1                                         {product} {ergonomic}
     uint G1ConcRefinementThreads                  = 1                                         {product} {ergonomic}
   size_t G1HeapRegionSize                         = 2097152                                   {product} {ergonomic}
    uintx GCDrainStackTargetSize                   = 64                                        {product} {ergonomic}
   size_t InitialHeapSize                          = 4294967296                                {product} {command line}
   size_t MarkStackSize                            = 4194304                                   {product} {ergonomic}
   size_t MaxHeapSize                              = 4294967296                                {product} {command line}
   size_t MinHeapDeltaBytes                        = 2097152                                   {product} {ergonomic}
   size_t MinHeapSize                              = 4294967296                                {product} {command line}
    uintx NonNMethodCodeHeapSize                   = 5826188                                {pd product} {ergonomic}
    uintx NonProfiledCodeHeapSize                  = 122916026                              {pd product} {ergonomic}
    uintx ProfiledCodeHeapSize                     = 122916026                              {pd product} {ergonomic}
    uintx ReservedCodeCacheSize                    = 251658240                              {pd product} {ergonomic}
     bool SegmentedCodeCache                       = true                                      {product} {ergonomic}
   size_t SoftMaxHeapSize                          = 4294967296                             {manageable} {ergonomic}
     bool UseCompressedClassPointers               = true                           {product lp64_product} {ergonomic}
     bool UseCompressedOops                        = true                           {product lp64_product} {ergonomic}
     bool UseG1GC                                  = true                                      {product} {command line}

Logging:
Log output configuration:
 #0: stdout all=warning uptime,level,tags
 #1: stderr all=off uptime,level,tags

Environment Variables:
JAVA_HOME=/usr/lib/jvm/java-17-openjdk-17.0.14.0.7-2.el9.x86_64
PATH=/home/ec2-user/.local/bin:/home/ec2-user/bin:/usr/local/bin:/usr/bin:/usr/local/sbin:/usr/sbin
SHELL=/bin/bash
LANG=en_US.UTF-8
TERM=xterm-256color

Active Locale:
LC_ALL=C
LC_COLLATE=C
LC_CTYPE=C
LC_MESSAGES=C
LC_MONETARY=C
LC_NUMERIC=C
LC_TIME=C

Signal Handlers:
   SIGSEGV: crash_handler in libjvm.so, mask=11100100010111111101111111111110, flags=SA_RESTART|SA_SIGINFO, unblocked
    SIGBUS: crash_handler in libjvm.so, mask=11100100010111111101111111111110, flags=SA_RESTART|SA_SIGINFO, unblocked
    SIGFPE: crash_handler in libjvm.so, mask=11100100010111111101111111111110, flags=SA_RESTART|SA_SIGINFO, unblocked
   SIGPIPE: javaSignalHandler in libjvm.so, mask=11100100010111111101111111111110, flags=SA_RESTART|SA_SIGINFO, blocked
   SIGXFSZ: javaSignalHandler in libjvm.so, mask=11100100010111111101111111111110, flags=SA_RESTART|SA_SIGINFO, blocked
    SIGILL: crash_handler in libjvm.so, mask=11100100010111111101111111111110, flags=SA_RESTART|SA_SIGINFO, unblocked
   SIGUSR2: SR_handler in libjvm.so, mask=00000000000000000000000000000000, flags=SA_RESTART|SA_SIGINFO, blocked
    SIGHUP: SIG_DFL, mask=00000000000000000000000000000000, flags=none, blocked
    SIGINT: SIG_DFL, mask=00000000000000000000000000000000, flags=none, blocked
   SIGTERM: SIG_DFL, mask=00000000000000000000000000000000, flags=none, blocked
   SIGQUIT: UserHandler in libjvm.so, mask=11100100010111111101111111111110, flags=SA_RESTART|SA_SIGINFO, blocked
   SIGTRAP: crash_handler in libjvm.so, mask=11100100010111111101111111111110, flags=SA_RESTART|SA_SIGINFO, unblocked


Periodic native trim disabled


---------------  S Y S T E M  ---------------

OS:
Red Hat Enterprise Linux release 9.5 (Plow)
uname: Linux 5.14.0-503.23.1.el9_5.x86_64 #1 SMP PREEMPT_DYNAMIC Mon Jan 20 10:19:28 EST 2025 x86_64
OS uptime: 2 days 5:16 hours
libc: glibc 2.34 NPTL 2.34 
rlimit (soft/hard): STACK 8192k/infinity , CORE infinity/infinity , NPROC 2728/2728 , NOFILE 524288/524288 , AS infinity/infinity , CPU infinity/infinity , DATA infinity/infinity , FSIZE infinity/infinity , MEMLOCK 8192k/8192k
load average: 0.00 0.00 0.00

/proc/meminfo:
MemTotal:         782940 kB
MemFree:          284952 kB
MemAvailable:     509688 kB
Buffers:               0 kB
Cached:           317272 kB
SwapCached:            0 kB
Active:           134788 kB
Inactive:         253068 kB
Active(anon):      53324 kB
Inactive(anon):    25752 kB
Active(file):      81464 kB
Inactive(file):   227316 kB
Unevictable:        1536 kB
Mlocked:               0 kB
SwapTotal:             0 kB
SwapFree:              0 kB
Zswap:                 0 kB
Zswapped:              0 kB
Dirty:                36 kB
Writeback:             0 kB
AnonPages:         71692 kB
Mapped:            40248 kB
Shmem:              8456 kB
KReclaimable:      28160 kB
Slab:              61788 kB
SReclaimable:      28160 kB
SUnreclaim:        33628 kB
KernelStack:        2136 kB
PageTables:         1756 kB
SecPageTables:         0 kB
NFS_Unstable:          0 kB
Bounce:                0 kB
WritebackTmp:          0 kB
CommitLimit:      391468 kB
Committed_AS:     310768 kB
VmallocTotal:   34359738367 kB
VmallocUsed:       12392 kB
VmallocChunk:          0 kB
Percpu:             6016 kB
HardwareCorrupted:     0 kB
AnonHugePages:     20480 kB
ShmemHugePages:        0 kB
ShmemPmdMapped:        0 kB
FileHugePages:         0 kB
FilePmdMapped:         0 kB
CmaTotal:              0 kB
CmaFree:               0 kB
Unaccepted:            0 kB
HugePages_Total:       0
HugePages_Free:        0
HugePages_Rsvd:        0
HugePages_Surp:        0
Hugepagesize:       2048 kB
Hugetlb:               0 kB
DirectMap4k:       86016 kB
DirectMap2M:      962560 kB

/sys/kernel/mm/transparent_hugepage/enabled: [always] madvise never
/sys/kernel/mm/transparent_hugepage/hpage_pmd_size: 2097152
/sys/kernel/mm/transparent_hugepage/defrag (defrag/compaction efforts parameter): always defer defer+madvise [madvise] never

Process Memory:
Virtual Size: 881696K (peak: 5063696K)
Resident Set Size: 27188K (peak: 27188K) (anon: 14388K, file: 12800K, shmem: 0K)
Swapped out: 0K
C-Heap outstanding allocations: 15284K, retained: 535K
glibc malloc tunables: (default)

/proc/sys/kernel/threads-max (system-wide limit on the number of threads): 5457
/proc/sys/vm/max_map_count (maximum number of memory map areas a process may have): 65530
/proc/sys/vm/swappiness (control to define how aggressively the kernel swaps out anonymous memory): 30
/proc/sys/kernel/pid_max (system-wide limit on number of process identifiers): 4194304

container (cgroup) information:
container_type: cgroupv2
cpu_cpuset_cpus: not supported
cpu_memory_nodes: not supported
active_processor_count: 1
cpu_quota: not supported
cpu_period: not supported
cpu_shares: not supported
memory_limit_in_bytes: unlimited
memory_and_swap_limit_in_bytes: unlimited
memory_soft_limit_in_bytes: unlimited
memory_usage_in_bytes: 28780 k
memory_max_usage_in_bytes: not supported
memory_swap_current_in_bytes: unlimited
memory_swap_max_limit_in_bytes: unlimited
maximum number of tasks: unlimited
current number of tasks: 8

Xen hardware-assisted virtualization detected
Steal ticks since vm start: 0
Steal ticks percentage since vm start:  0.000

CPU: total 1 (initial active 1) (1 cores per cpu, 1 threads per core) family 6 model 79 stepping 1 microcode 0xd0003f6, cx8, cmov, fxsr, mmx, sse, sse2, sse3, ssse3, sse4.1, sse4.2, popcnt, lzcnt, tsc, avx, avx2, aes, erms, clmul, bmi1, bmi2, fma, vzeroupper, clflush, hv
CPU Model and flags from /proc/cpuinfo:
model name	: Intel(R) Xeon(R) CPU E5-2686 v4 @ 2.30GHz
flags		: fpu vme de pse tsc msr pae mce cx8 apic sep mtrr pge mca cmov pat pse36 clflush mmx fxsr sse sse2 ht syscall nx rdtscp lm constant_tsc rep_good nopl xtopology cpuid tsc_known_freq pni pclmulqdq ssse3 fma cx16 pcid sse4_1 sse4_2 x2apic movbe popcnt tsc_deadline_timer aes xsave avx f16c rdrand hypervisor lahf_lm abm pti fsgsbase bmi1 avx2 smep bmi2 erms invpcid xsaveopt

Online cpus: 0
Offline cpus: 1-14
BIOS frequency limitation: <Not Available>
Frequency switch latency (ns): <Not Available>
Available cpu frequencies: <Not Available>
Current governor: <Not Available>
Core performance/turbo boost: <Not Available>

Memory: 4k page, physical 782940k(284952k free), swap 0k(0k free)
Page Sizes: 4k

vm_info: OpenJDK 64-Bit Server VM (17.0.14+7-LTS) for linux-amd64 JRE (17.0.14+7-LTS), built on Jan 21 2025 00:00:00 by "mockbuild" with gcc 8.5.0 20210514 (Red Hat 8.5.0-18)

END.
