#
# There is insufficient memory for the Java Runtime Environment to continue.
# Native memory allocation (mmap) failed to map 68719476736 bytes. Error detail: committing reserved memory.
# Possible reasons:
#   The system is out of physical RAM or swap space
# Possible solutions:
#   Reduce memory load on the system
#   Increase physical memory or swap space
#   Check if swap backing store is full
#   Decrease Java heap size (-Xmx/-Xms)
#   Decrease number of Java threads
#   Decrease Java thread stack sizes (-Xss)
#   Set larger code cache with -XX:ReservedCodeCacheSize=
# This output file may be truncated or incomplete.
#
#  Out of Memory Error (os_linux.cpp:2832), pid=18481, tid=18482
#
# JRE version:  (17.0.14+7) (build )
# Java VM: OpenJDK 64-Bit Server VM (17.0.14+7-LTS, mixed mode, sharing, tiered, compressed class ptrs, g1 gc, linux-amd64)
# Core dump will be written. Default location: Core dumps may be processed with "/usr/lib/systemd/systemd-coredump %P %u %g %s %t %c %h" (or dumping to /home/ec2-user/verify/byok/core.18481)
#

---------------  S U M M A R Y ------------

Command Line: -Dserver.ssl.enabled=false -Xms64g -Xmx64g -XX:+UseG1GC ./target/byok-0.0.1-SNAPSHOT.jar

Host: Intel(R) Xeon(R) CPU E5-2686 v4 @ 2.30GHz, 1 cores, 764M, Red Hat Enterprise Linux release 9.5 (Plow)
Time: Sun Feb 23 15:44:05 2025 UTC elapsed time: 0.009817 seconds (0d 0h 0m 0s)

---------------  T H R E A D  ---------------

Current thread (0x00007f0650029110):  JavaThread "Unknown thread" [_thread_in_vm, id=18482, stack(0x00007f065841e000,0x00007f065851e000)]

Stack: [0x00007f065841e000,0x00007f065851e000],  sp=0x00007f065851c320,  free space=1016k
Native frames: (J=compiled Java code, j=interpreted, Vv=VM code, C=native code)
V  [libjvm.so+0xf4cae6]  VMError::report_and_die(int, char const*, char const*, __va_list_tag*, Thread*, unsigned char*, void*, void*, char const*, int, unsigned long)+0x1a6
V  [libjvm.so+0xf4d7ff]  VMError::report_and_die(Thread*, char const*, int, unsigned long, VMErrorType, char const*, __va_list_tag*)+0x2f
V  [libjvm.so+0x622665]  report_vm_out_of_memory(char const*, int, unsigned long, VMErrorType, char const*, ...)+0xf5
V  [libjvm.so+0xc3b4c0]  os::pd_commit_memory_or_exit(char*, unsigned long, unsigned long, bool, char const*)+0xe0
V  [libjvm.so+0xc34a7e]  os::commit_memory_or_exit(char*, unsigned long, unsigned long, bool, char const*)+0x2e
V  [libjvm.so+0x75dabc]  G1PageBasedVirtualSpace::commit(unsigned long, unsigned long)+0x17c
V  [libjvm.so+0x772023]  G1RegionsLargerThanCommitSizeMapper::commit_regions(unsigned int, unsigned long, WorkGang*)+0x183
V  [libjvm.so+0x80093d]  HeapRegionManager::commit_regions(unsigned int, unsigned long, WorkGang*)+0x5d
V  [libjvm.so+0x8027cf]  HeapRegionManager::expand(unsigned int, unsigned int, WorkGang*)+0x2f
V  [libjvm.so+0x8029fa]  HeapRegionManager::expand_by(unsigned int, WorkGang*)+0x7a
V  [libjvm.so+0x714c91]  G1CollectedHeap::expand(unsigned long, WorkGang*, double*)+0xf1
V  [libjvm.so+0x715407]  G1CollectedHeap::initialize()+0x6e7
V  [libjvm.so+0xefa5e8]  universe_init()+0xe8
V  [libjvm.so+0x822eaa]  init_globals()+0x3a
V  [libjvm.so+0xed130c]  Threads::create_vm(JavaVMInitArgs*, bool*)+0x28c
V  [libjvm.so+0x8ec335]  JNI_CreateJavaVM+0x65
C  [libjli.so+0x8f2d]  JavaMain+0x9d
C  [libjli.so+0xd3dd]  ThreadJavaMain+0xd


---------------  P R O C E S S  ---------------

Threads class SMR info:
_java_thread_list=0x00007f06581aa4e0, length=0, elements={
}

Java Threads: ( => current thread )

Other Threads:
  0x00007f0650066c40 GCTaskThread "GC Thread#0" [stack: 0x00007f06560ff000,0x00007f06561ff000] [id=18483]
  0x00007f0650078220 ConcurrentGCThread "G1 Main Marker" [stack: 0x00007f0655ffe000,0x00007f06560fe000] [id=18484]
  0x00007f0650079190 ConcurrentGCThread "G1 Conc#0" [stack: 0x00007f0655efd000,0x00007f0655ffd000] [id=18485]

[error occurred during error reporting (printing all threads), id 0xb, SIGSEGV (0xb) at pc=0x00007f065732dc04]

VM state: not at safepoint (not fully initialized)

VM Mutex/Monitor currently owned by a thread:  ([mutex/lock_event])
[0x00007f0650026a80] Heap_lock - owner thread: 0x00007f0650029110

CDS archive(s) mapped at: [0x0000000000000000-0x0000000000000000-0x0000000000000000), size 0, SharedBaseAddress: 0x0000000800000000, ArchiveRelocationMode: 1.
Narrow klass base: 0x0000000000000000, Narrow klass shift: 0, Narrow klass range: 0x0

GC Precious Log:
<Empty>

Heap:
 garbage-first heap   total 0K, used 0K [0x00007ef638000000, 0x00007f0638000000)
  region size 32768K, 0 young (0K), 0 survivors (0K)

[error occurred during error reporting (printing heap information), id 0xb, SIGSEGV (0xb) at pc=0x00007f06578ebbfe]

GC Heap History (0 events):
No events

Dll operation events (1 events):
Event: 0.001 Loaded shared library /usr/lib/jvm/java-17-openjdk-17.0.14.0.7-2.el9.x86_64/lib/libjava.so

Deoptimization events (0 events):
No events

Classes loaded (0 events):
No events

Classes unloaded (0 events):
No events

Classes redefined (0 events):
No events

Internal exceptions (0 events):
No events

VM Operations (0 events):
No events

Memory protections (1 events):
Event: 0.001 Protecting memory [0x00007f065841e000,0x00007f0658422000] with protection modes 0

Nmethod flushes (0 events):
No events

Events (0 events):
No events


Dynamic libraries:
555ee4a00000-555ee4a01000 r-xp 00000000 ca:04 9784979                    /usr/lib/jvm/java-17-openjdk-17.0.14.0.7-2.el9.x86_64/bin/java
555ee4c01000-555ee4c02000 r--p 00001000 ca:04 9784979                    /usr/lib/jvm/java-17-openjdk-17.0.14.0.7-2.el9.x86_64/bin/java
555ee4c02000-555ee4c03000 rw-p 00002000 ca:04 9784979                    /usr/lib/jvm/java-17-openjdk-17.0.14.0.7-2.el9.x86_64/bin/java
555ee661a000-555ee6661000 rw-p 00000000 00:00 0                          [heap]
7ef590000000-7ef590021000 rw-p 00000000 00:00 0 
7ef590021000-7ef594000000 ---p 00000000 00:00 0 
7ef596000000-7ef598021000 rw-p 00000000 00:00 0 
7ef598021000-7ef59c000000 ---p 00000000 00:00 0 
7ef59c000000-7ef59c021000 rw-p 00000000 00:00 0 
7ef59c021000-7ef5a0000000 ---p 00000000 00:00 0 
7ef5a0000000-7ef638000000 ---p 00000000 00:00 0 
7f0638e00000-7f0639070000 rwxp 00000000 00:00 0 
7f0639070000-7f0640338000 ---p 00000000 00:00 0 
7f0640338000-7f06405a8000 rwxp 00000000 00:00 0 
7f06405a8000-7f06408c7000 ---p 00000000 00:00 0 
7f06408c7000-7f0640b37000 rwxp 00000000 00:00 0 
7f0640b37000-7f0647e00000 ---p 00000000 00:00 0 
7f0647e00000-7f064ff19000 r--s 00000000 ca:04 9785162                    /usr/lib/jvm/java-17-openjdk-17.0.14.0.7-2.el9.x86_64/lib/modules
7f0650000000-7f0650090000 rw-p 00000000 00:00 0 
7f0650090000-7f0654000000 ---p 00000000 00:00 0 
7f06551f7000-7f0655efc000 rw-p 00000000 00:00 0 
7f0655efc000-7f0655efd000 ---p 00000000 00:00 0 
7f0655efd000-7f0655ffd000 rw-p 00000000 00:00 0 
7f0655ffd000-7f0655ffe000 ---p 00000000 00:00 0 
7f0655ffe000-7f06560fe000 rw-p 00000000 00:00 0 
7f06560fe000-7f06560ff000 ---p 00000000 00:00 0 
7f06560ff000-7f0656400000 rw-p 00000000 00:00 0 
7f0656400000-7f0656425000 r-xp 00000000 ca:04 9785075                    /usr/lib/jvm/java-17-openjdk-17.0.14.0.7-2.el9.x86_64/lib/libjava.so
7f0656425000-7f0656625000 ---p 00025000 ca:04 9785075                    /usr/lib/jvm/java-17-openjdk-17.0.14.0.7-2.el9.x86_64/lib/libjava.so
7f0656625000-7f0656626000 r--p 00025000 ca:04 9785075                    /usr/lib/jvm/java-17-openjdk-17.0.14.0.7-2.el9.x86_64/lib/libjava.so
7f0656626000-7f0656627000 rw-p 00026000 ca:04 9785075                    /usr/lib/jvm/java-17-openjdk-17.0.14.0.7-2.el9.x86_64/lib/libjava.so
7f0656627000-7f0656628000 rw-p 00000000 00:00 0 
7f065667e000-7f0656800000 rw-p 00000000 00:00 0 
7f0656800000-7f065681b000 r-xp 00000000 ca:04 9785078                    /usr/lib/jvm/java-17-openjdk-17.0.14.0.7-2.el9.x86_64/lib/libjimage.so
7f065681b000-7f0656a1b000 ---p 0001b000 ca:04 9785078                    /usr/lib/jvm/java-17-openjdk-17.0.14.0.7-2.el9.x86_64/lib/libjimage.so
7f0656a1b000-7f0656a1d000 r--p 0001b000 ca:04 9785078                    /usr/lib/jvm/java-17-openjdk-17.0.14.0.7-2.el9.x86_64/lib/libjimage.so
7f0656a1d000-7f0656a1e000 rw-p 0001d000 ca:04 9785078                    /usr/lib/jvm/java-17-openjdk-17.0.14.0.7-2.el9.x86_64/lib/libjimage.so
7f0656a2a000-7f0656a2f000 rw-p 00000000 00:00 0 
7f0656a2f000-7f0656b15000 ---p 00000000 00:00 0 
7f0656b15000-7f0656b1a000 rw-p 00000000 00:00 0 
7f0656b1a000-7f0656c00000 ---p 00000000 00:00 0 
7f0656c00000-7f0657e6c000 r-xp 00000000 ca:04 26189501                   /usr/lib/jvm/java-17-openjdk-17.0.14.0.7-2.el9.x86_64/lib/server/libjvm.so
7f0657e6c000-7f065806c000 ---p 0126c000 ca:04 26189501                   /usr/lib/jvm/java-17-openjdk-17.0.14.0.7-2.el9.x86_64/lib/server/libjvm.so
7f065806c000-7f0658125000 r--p 0126c000 ca:04 26189501                   /usr/lib/jvm/java-17-openjdk-17.0.14.0.7-2.el9.x86_64/lib/server/libjvm.so
7f0658125000-7f065815a000 rw-p 01325000 ca:04 26189501                   /usr/lib/jvm/java-17-openjdk-17.0.14.0.7-2.el9.x86_64/lib/server/libjvm.so
7f065815a000-7f06581b5000 rw-p 00000000 00:00 0 
7f06581bb000-7f0658200000 rw-p 00000000 00:00 0 
7f0658200000-7f0658228000 r--p 00000000 ca:04 9210910                    /usr/lib64/libc.so.6
7f0658228000-7f065839d000 r-xp 00028000 ca:04 9210910                    /usr/lib64/libc.so.6
7f065839d000-7f06583f5000 r--p 0019d000 ca:04 9210910                    /usr/lib64/libc.so.6
7f06583f5000-7f06583f9000 r--p 001f5000 ca:04 9210910                    /usr/lib64/libc.so.6
7f06583f9000-7f06583fb000 rw-p 001f9000 ca:04 9210910                    /usr/lib64/libc.so.6
7f06583fb000-7f0658408000 rw-p 00000000 00:00 0 
7f065840a000-7f065840f000 rw-p 00000000 00:00 0 
7f065840f000-7f0658416000 ---p 00000000 00:00 0 
7f0658416000-7f065841e000 rw-s 00000000 ca:04 26052023                   /tmp/hsperfdata_ec2-user/18481
7f065841e000-7f0658422000 ---p 00000000 00:00 0 
7f0658422000-7f065851e000 rw-p 00000000 00:00 0 
7f065851e000-7f065852b000 r--p 00000000 ca:04 9210913                    /usr/lib64/libm.so.6
7f065852b000-7f065859b000 r-xp 0000d000 ca:04 9210913                    /usr/lib64/libm.so.6
7f065859b000-7f06585f7000 r--p 0007d000 ca:04 9210913                    /usr/lib64/libm.so.6
7f06585f7000-7f06585f8000 r--p 000d8000 ca:04 9210913                    /usr/lib64/libm.so.6
7f06585f8000-7f06585f9000 rw-p 000d9000 ca:04 9210913                    /usr/lib64/libm.so.6
7f06585f9000-7f06585fa000 r--p 00000000 ca:04 9210920                    /usr/lib64/librt.so.1
7f06585fa000-7f06585fb000 r-xp 00001000 ca:04 9210920                    /usr/lib64/librt.so.1
7f06585fb000-7f06585fc000 r--p 00002000 ca:04 9210920                    /usr/lib64/librt.so.1
7f06585fc000-7f06585fd000 r--p 00002000 ca:04 9210920                    /usr/lib64/librt.so.1
7f06585fd000-7f06585fe000 rw-p 00003000 ca:04 9210920                    /usr/lib64/librt.so.1
7f06585fe000-7f0658600000 rw-p 00000000 00:00 0 
7f0658600000-7f0658619000 r-xp 00000000 ca:04 9785079                    /usr/lib/jvm/java-17-openjdk-17.0.14.0.7-2.el9.x86_64/lib/libjli.so
7f0658619000-7f0658818000 ---p 00019000 ca:04 9785079                    /usr/lib/jvm/java-17-openjdk-17.0.14.0.7-2.el9.x86_64/lib/libjli.so
7f0658818000-7f0658819000 r--p 00018000 ca:04 9785079                    /usr/lib/jvm/java-17-openjdk-17.0.14.0.7-2.el9.x86_64/lib/libjli.so
7f0658819000-7f065881a000 rw-p 00019000 ca:04 9785079                    /usr/lib/jvm/java-17-openjdk-17.0.14.0.7-2.el9.x86_64/lib/libjli.so
7f065881b000-7f065881c000 r--p 00000000 ca:04 9210912                    /usr/lib64/libdl.so.2
7f065881c000-7f065881d000 r-xp 00001000 ca:04 9210912                    /usr/lib64/libdl.so.2
7f065881d000-7f065881e000 r--p 00002000 ca:04 9210912                    /usr/lib64/libdl.so.2
7f065881e000-7f065881f000 r--p 00002000 ca:04 9210912                    /usr/lib64/libdl.so.2
7f065881f000-7f0658820000 rw-p 00003000 ca:04 9210912                    /usr/lib64/libdl.so.2
7f0658820000-7f0658821000 r--p 00000000 ca:04 9210918                    /usr/lib64/libpthread.so.0
7f0658821000-7f0658822000 r-xp 00001000 ca:04 9210918                    /usr/lib64/libpthread.so.0
7f0658822000-7f0658823000 r--p 00002000 ca:04 9210918                    /usr/lib64/libpthread.so.0
7f0658823000-7f0658824000 r--p 00002000 ca:04 9210918                    /usr/lib64/libpthread.so.0
7f0658824000-7f0658825000 rw-p 00003000 ca:04 9210918                    /usr/lib64/libpthread.so.0
7f0658829000-7f065882a000 ---p 00000000 00:00 0 
7f065882a000-7f065882b000 r--p 00000000 00:00 0 
7f065882b000-7f065882c000 ---p 00000000 00:00 0 
7f065882c000-7f065882e000 rw-p 00000000 00:00 0 
7f065882e000-7f0658830000 r--p 00000000 ca:04 9210906                    /usr/lib64/ld-linux-x86-64.so.2
7f0658830000-7f0658857000 r-xp 00002000 ca:04 9210906                    /usr/lib64/ld-linux-x86-64.so.2
7f0658857000-7f0658862000 r--p 00029000 ca:04 9210906                    /usr/lib64/ld-linux-x86-64.so.2
7f0658862000-7f0658864000 r--p 00034000 ca:04 9210906                    /usr/lib64/ld-linux-x86-64.so.2
7f0658864000-7f0658866000 rw-p 00036000 ca:04 9210906                    /usr/lib64/ld-linux-x86-64.so.2
7fff0ab43000-7fff0ab64000 rw-p 00000000 00:00 0                          [stack]
7fff0abb2000-7fff0abb6000 r--p 00000000 00:00 0                          [vvar]
7fff0abb6000-7fff0abb8000 r-xp 00000000 00:00 0                          [vdso]
ffffffffff600000-ffffffffff601000 --xp 00000000 00:00 0                  [vsyscall]


VM Arguments:
jvm_args: -Dserver.ssl.enabled=false -Xms64g -Xmx64g -XX:+UseG1GC 
java_command: ./target/byok-0.0.1-SNAPSHOT.jar
java_class_path (initial): ./target/byok-0.0.1-SNAPSHOT.jar
Launcher Type: SUN_STANDARD

[Global flags]
     intx CICompilerCount                          = 2                                         {product} {ergonomic}
     uint ConcGCThreads                            = 1                                         {product} {ergonomic}
     uint G1ConcRefinementThreads                  = 1                                         {product} {ergonomic}
   size_t G1HeapRegionSize                         = 33554432                                  {product} {ergonomic}
    uintx GCDrainStackTargetSize                   = 64                                        {product} {ergonomic}
   size_t InitialHeapSize                          = 68719476736                               {product} {command line}
   size_t MarkStackSize                            = 4194304                                   {product} {ergonomic}
   size_t MaxHeapSize                              = 68719476736                               {product} {command line}
   size_t MinHeapDeltaBytes                        = 33554432                                  {product} {ergonomic}
   size_t MinHeapSize                              = 68719476736                               {product} {command line}
    uintx NonNMethodCodeHeapSize                   = 5826188                                {pd product} {ergonomic}
    uintx NonProfiledCodeHeapSize                  = 122916026                              {pd product} {ergonomic}
    uintx ProfiledCodeHeapSize                     = 122916026                              {pd product} {ergonomic}
    uintx ReservedCodeCacheSize                    = 251658240                              {pd product} {ergonomic}
     bool SegmentedCodeCache                       = true                                      {product} {ergonomic}
   size_t SoftMaxHeapSize                          = 68719476736                            {manageable} {ergonomic}
     bool UseCompressedClassPointers               = true                           {product lp64_product} {ergonomic}
     bool UseG1GC                                  = true                                      {product} {command line}

Logging:
Log output configuration:
 #0: stdout all=warning uptime,level,tags
 #1: stderr all=off uptime,level,tags

Environment Variables:
JAVA_HOME=/usr/lib/jvm/java-17-openjdk-17.0.14.0.7-2.el9.x86_64
PATH=/home/ec2-user/.local/bin:/home/ec2-user/bin:/usr/local/bin:/usr/bin:/usr/local/sbin:/usr/sbin
SHELL=/bin/bash
LANG=en_US.UTF-8
TERM=xterm-256color

Active Locale:
LC_ALL=C
LC_COLLATE=C
LC_CTYPE=C
LC_MESSAGES=C
LC_MONETARY=C
LC_NUMERIC=C
LC_TIME=C

Signal Handlers:
   SIGSEGV: crash_handler in libjvm.so, mask=11100100010111111101111111111110, flags=SA_RESTART|SA_SIGINFO, unblocked
    SIGBUS: crash_handler in libjvm.so, mask=11100100010111111101111111111110, flags=SA_RESTART|SA_SIGINFO, unblocked
    SIGFPE: crash_handler in libjvm.so, mask=11100100010111111101111111111110, flags=SA_RESTART|SA_SIGINFO, unblocked
   SIGPIPE: javaSignalHandler in libjvm.so, mask=11100100010111111101111111111110, flags=SA_RESTART|SA_SIGINFO, blocked
   SIGXFSZ: javaSignalHandler in libjvm.so, mask=11100100010111111101111111111110, flags=SA_RESTART|SA_SIGINFO, blocked
    SIGILL: crash_handler in libjvm.so, mask=11100100010111111101111111111110, flags=SA_RESTART|SA_SIGINFO, unblocked
   SIGUSR2: SR_handler in libjvm.so, mask=00000000000000000000000000000000, flags=SA_RESTART|SA_SIGINFO, blocked
    SIGHUP: SIG_DFL, mask=00000000000000000000000000000000, flags=none, blocked
    SIGINT: SIG_DFL, mask=00000000000000000000000000000000, flags=none, blocked
   SIGTERM: SIG_DFL, mask=00000000000000000000000000000000, flags=none, blocked
   SIGQUIT: UserHandler in libjvm.so, mask=11100100010111111101111111111110, flags=SA_RESTART|SA_SIGINFO, blocked
   SIGTRAP: crash_handler in libjvm.so, mask=11100100010111111101111111111110, flags=SA_RESTART|SA_SIGINFO, unblocked


Periodic native trim disabled


---------------  S Y S T E M  ---------------

OS:
Red Hat Enterprise Linux release 9.5 (Plow)
uname: Linux 5.14.0-503.23.1.el9_5.x86_64 #1 SMP PREEMPT_DYNAMIC Mon Jan 20 10:19:28 EST 2025 x86_64
OS uptime: 2 days 19:02 hours
libc: glibc 2.34 NPTL 2.34 
rlimit (soft/hard): STACK 8192k/infinity , CORE infinity/infinity , NPROC 2728/2728 , NOFILE 524288/524288 , AS infinity/infinity , CPU infinity/infinity , DATA infinity/infinity , FSIZE infinity/infinity , MEMLOCK 8192k/8192k
load average: 0.00 0.00 0.00

/proc/meminfo:
MemTotal:         782940 kB
MemFree:          244192 kB
MemAvailable:     514912 kB
Buffers:               0 kB
Cached:           363408 kB
SwapCached:            0 kB
Active:           140812 kB
Inactive:         295304 kB
Active(anon):      65372 kB
Inactive(anon):    15792 kB
Active(file):      75440 kB
Inactive(file):   279512 kB
Unevictable:        1536 kB
Mlocked:               0 kB
SwapTotal:             0 kB
SwapFree:              0 kB
Zswap:                 0 kB
Zswapped:              0 kB
Dirty:                36 kB
Writeback:             0 kB
AnonPages:         73740 kB
Mapped:            40452 kB
Shmem:              8456 kB
KReclaimable:      27784 kB
Slab:              61544 kB
SReclaimable:      27784 kB
SUnreclaim:        33760 kB
KernelStack:        2136 kB
PageTables:         1732 kB
SecPageTables:         0 kB
NFS_Unstable:          0 kB
Bounce:                0 kB
WritebackTmp:          0 kB
CommitLimit:      391468 kB
Committed_AS:     313152 kB
VmallocTotal:   34359738367 kB
VmallocUsed:       12392 kB
VmallocChunk:          0 kB
Percpu:             6016 kB
HardwareCorrupted:     0 kB
AnonHugePages:     20480 kB
ShmemHugePages:        0 kB
ShmemPmdMapped:        0 kB
FileHugePages:         0 kB
FilePmdMapped:         0 kB
CmaTotal:              0 kB
CmaFree:               0 kB
Unaccepted:            0 kB
HugePages_Total:       0
HugePages_Free:        0
HugePages_Rsvd:        0
HugePages_Surp:        0
Hugepagesize:       2048 kB
Hugetlb:               0 kB
DirectMap4k:       86016 kB
DirectMap2M:      962560 kB

/sys/kernel/mm/transparent_hugepage/enabled: [always] madvise never
/sys/kernel/mm/transparent_hugepage/hpage_pmd_size: 2097152
/sys/kernel/mm/transparent_hugepage/defrag (defrag/compaction efforts parameter): always defer defer+madvise [madvise] never

Process Memory:
Virtual Size: 3218984K (peak: 70347284K)
Resident Set Size: 29204K (peak: 29204K) (anon: 16404K, file: 12800K, shmem: 0K)
Swapped out: 0K
C-Heap outstanding allocations: 17667K, retained: 536K
glibc malloc tunables: (default)

/proc/sys/kernel/threads-max (system-wide limit on the number of threads): 5457
/proc/sys/vm/max_map_count (maximum number of memory map areas a process may have): 65530
/proc/sys/vm/swappiness (control to define how aggressively the kernel swaps out anonymous memory): 30
/proc/sys/kernel/pid_max (system-wide limit on number of process identifiers): 4194304

container (cgroup) information:
container_type: cgroupv2
cpu_cpuset_cpus: not supported
cpu_memory_nodes: not supported
active_processor_count: 1
cpu_quota: not supported
cpu_period: not supported
cpu_shares: not supported
memory_limit_in_bytes: unlimited
memory_and_swap_limit_in_bytes: unlimited
memory_soft_limit_in_bytes: unlimited
memory_usage_in_bytes: 30816 k
memory_max_usage_in_bytes: not supported
memory_swap_current_in_bytes: unlimited
memory_swap_max_limit_in_bytes: unlimited
maximum number of tasks: unlimited
current number of tasks: 8

Xen hardware-assisted virtualization detected
Steal ticks since vm start: 0
Steal ticks percentage since vm start:  0.000

CPU: total 1 (initial active 1) (1 cores per cpu, 1 threads per core) family 6 model 79 stepping 1 microcode 0xd0003f6, cx8, cmov, fxsr, mmx, sse, sse2, sse3, ssse3, sse4.1, sse4.2, popcnt, lzcnt, tsc, avx, avx2, aes, erms, clmul, bmi1, bmi2, fma, vzeroupper, clflush, hv
CPU Model and flags from /proc/cpuinfo:
model name	: Intel(R) Xeon(R) CPU E5-2686 v4 @ 2.30GHz
flags		: fpu vme de pse tsc msr pae mce cx8 apic sep mtrr pge mca cmov pat pse36 clflush mmx fxsr sse sse2 ht syscall nx rdtscp lm constant_tsc rep_good nopl xtopology cpuid tsc_known_freq pni pclmulqdq ssse3 fma cx16 pcid sse4_1 sse4_2 x2apic movbe popcnt tsc_deadline_timer aes xsave avx f16c rdrand hypervisor lahf_lm abm pti fsgsbase bmi1 avx2 smep bmi2 erms invpcid xsaveopt

Online cpus: 0
Offline cpus: 1-14
BIOS frequency limitation: <Not Available>
Frequency switch latency (ns): <Not Available>
Available cpu frequencies: <Not Available>
Current governor: <Not Available>
Core performance/turbo boost: <Not Available>

Memory: 4k page, physical 782940k(244192k free), swap 0k(0k free)
Page Sizes: 4k

vm_info: OpenJDK 64-Bit Server VM (17.0.14+7-LTS) for linux-amd64 JRE (17.0.14+7-LTS), built on Jan 21 2025 00:00:00 by "mockbuild" with gcc 8.5.0 20210514 (Red Hat 8.5.0-18)

END.
